2026-03-23 02:49:19,846 [INFO] main.build: ============================================================
2026-03-23 02:49:19,846 [INFO] main.build: DART Backtest DB - Build starting
2026-03-23 02:49:19,846 [INFO] main.build: Config: C:\Users\cmsch\Desktop\DART-backtest-NL\database\db\configs\config.example.yaml
2026-03-23 02:49:19,855 [INFO] main.build: DB:     C:\Users\cmsch\Desktop\DART-backtest-NL\database\db\data\db\backtest.db
2026-03-23 02:49:19,855 [INFO] main.build: ============================================================
2026-03-23 02:49:19,855 [INFO] main.build: [1/10] Validating input files ...
2026-03-23 02:49:19,856 [INFO] main.build:   All 9 mandatory input files found.
2026-03-23 02:49:19,856 [INFO] main.build: [2/10] Opening database and applying schema ...
2026-03-23 02:49:19,865 [INFO] src.db: Schema applied from schema.sql
2026-03-23 02:49:19,865 [INFO] main.build: [3/10] Recording manifest and checksums ...
2026-03-23 02:49:19,865 [INFO] main.build:   Build run ID: 20260322T174919_322591a3
2026-03-23 02:49:19,868 [INFO] src.transform.manifest:   [manifest] kind_listed_companies           sha256=f7eafd4a05b5...
2026-03-23 02:49:19,869 [INFO] src.transform.manifest:   [manifest] kind_delistings                 sha256=c3aaed13a1af...
2026-03-23 02:49:19,872 [INFO] src.transform.manifest:   [manifest] kind_ipos                       sha256=77a7b039b25b...
2026-03-23 02:49:19,874 [INFO] src.transform.manifest:   [manifest] kind_stock_issuance             sha256=ce3d1a86b6d0...
2026-03-23 02:49:19,877 [INFO] src.transform.manifest:   [manifest] kind_investment_caution         sha256=7264df93e279...
2026-03-23 02:49:19,878 [INFO] src.transform.manifest:   [manifest] kind_investment_warning         sha256=e5ca145b7301...
2026-03-23 02:49:19,879 [INFO] src.transform.manifest:   [manifest] kind_investment_risk            sha256=99d827c87ec1...
2026-03-23 02:49:19,880 [INFO] src.transform.manifest:   [manifest] sector_file                     sha256=fbd19c74af80...
2026-03-23 02:49:20,291 [INFO] src.transform.manifest:   [manifest] dataguide_file                  sha256=a78ebe9e0401...
2026-03-23 02:49:20,378 [INFO] src.transform.manifest: Recorded manifest: 9 files for build_run_id=20260322T174919_322591a3
2026-03-23 02:49:20,378 [INFO] main.build: [4/10] Ingesting KIND files ...
2026-03-23 02:49:20,378 [INFO] main.build:   Skipping kind_listed_companies (checksum unchanged)
2026-03-23 02:49:20,379 [INFO] main.build:   Skipping kind_delistings (checksum unchanged)
2026-03-23 02:49:20,379 [INFO] main.build:   Skipping kind_ipos (checksum unchanged)
2026-03-23 02:49:20,379 [INFO] main.build:   Skipping kind_stock_issuance (checksum unchanged)
2026-03-23 02:49:20,379 [INFO] main.build:   Skipping kind_investment_caution (checksum unchanged)
2026-03-23 02:49:20,379 [INFO] main.build:   Skipping kind_investment_warning (checksum unchanged)
2026-03-23 02:49:20,379 [INFO] main.build:   Skipping kind_investment_risk (checksum unchanged)
2026-03-23 02:49:20,379 [INFO] main.build: [5/10] Ingesting sector file ...
2026-03-23 02:49:20,379 [INFO] main.build:   Skipping sector_file (checksum unchanged)
2026-03-23 02:49:20,379 [INFO] main.build: [6/10] Ingesting DataGuide file ...
2026-03-23 02:49:20,379 [INFO] main.build:   Skipping dataguide_file (checksum unchanged)
2026-03-23 02:49:20,379 [INFO] main.build:   DataGuide file unchanged - skipping re-ingestion
2026-03-23 02:49:20,379 [INFO] main.build: [7/10] Building core tables ...
2026-03-23 02:49:20,389 [INFO] src.transform.security_master: IPO history rows (grouped by ticker): 2895
2026-03-23 02:49:20,405 [WARNING] src.transform.security_master: Cannot normalize ticker '0001A0' (company='덕양에너젠') - excluded from security_master
2026-03-23 02:49:20,405 [WARNING] src.transform.security_master: Cannot normalize ticker '0004Y0' (company='디비금융제14호스팩') - excluded from security_master
2026-03-23 02:49:20,405 [WARNING] src.transform.security_master: Cannot normalize ticker '0007C0' (company='아크릴') - excluded from security_master
2026-03-23 02:49:20,405 [WARNING] src.transform.security_master: Cannot normalize ticker '0008Z0' (company='에스엔시스') - excluded from security_master
2026-03-23 02:49:20,405 [WARNING] src.transform.security_master: Cannot normalize ticker '0009K0' (company='에임드바이오') - excluded from security_master
2026-03-23 02:49:20,405 [WARNING] src.transform.security_master: Cannot normalize ticker '0010V0' (company='제이피아이헬스케어') - excluded from security_master
2026-03-23 02:49:20,405 [WARNING] src.transform.security_master: Cannot normalize ticker '0011A0' (company='액스비스') - excluded from security_master
2026-03-23 02:49:20,405 [WARNING] src.transform.security_master: Cannot normalize ticker '0013V0' (company='삼진식품') - excluded from security_master
2026-03-23 02:49:20,405 [WARNING] src.transform.security_master: Cannot normalize ticker '0015G0' (company='그린광학') - excluded from security_master
2026-03-23 02:49:20,405 [WARNING] src.transform.security_master: Cannot normalize ticker '0015N0' (company='아로마티카') - excluded from security_master
2026-03-23 02:49:20,405 [WARNING] src.transform.security_master: Cannot normalize ticker '0015S0' (company='페스카로') - excluded from security_master
2026-03-23 02:49:20,406 [WARNING] src.transform.security_master: Cannot normalize ticker '0030R0' (company='대신밸류리츠') - excluded from security_master
2026-03-23 02:49:20,406 [WARNING] src.transform.security_master: Cannot normalize ticker '0037T0' (company='KB제32호스팩') - excluded from security_master
2026-03-23 02:49:20,406 [WARNING] src.transform.security_master: Cannot normalize ticker '0041B0' (company='교보18호스팩') - excluded from security_master
2026-03-23 02:49:20,406 [WARNING] src.transform.security_master: Cannot normalize ticker '0041J0' (company='엘에스스팩1호') - excluded from security_master
2026-03-23 02:49:20,406 [WARNING] src.transform.security_master: Cannot normalize ticker '0041L0' (company='하나35호스팩') - excluded from security_master
2026-03-23 02:49:20,406 [WARNING] src.transform.security_master: Cannot normalize ticker '0044K0' (company='삼성스팩10호') - excluded from security_master
2026-03-23 02:49:20,406 [WARNING] src.transform.security_master: Cannot normalize ticker '0054V0' (company='엔에이치스팩32호') - excluded from security_master
2026-03-23 02:49:20,406 [WARNING] src.transform.security_master: Cannot normalize ticker '0068Y0' (company='비엔케이제3호스팩') - excluded from security_master
2026-03-23 02:49:20,406 [WARNING] src.transform.security_master: Cannot normalize ticker '0071M0' (company='삼성스팩11호') - excluded from security_master
2026-03-23 02:49:20,406 [WARNING] src.transform.security_master: Cannot normalize ticker '0072Z0' (company='KB제33호스팩') - excluded from security_master
2026-03-23 02:49:20,406 [WARNING] src.transform.security_master: Cannot normalize ticker '0082N0' (company='카나프테라퓨틱스') - excluded from security_master
2026-03-23 02:49:20,406 [WARNING] src.transform.security_master: Cannot normalize ticker '0088D0' (company='메리츠제1호스팩') - excluded from security_master
2026-03-23 02:49:20,407 [WARNING] src.transform.security_master: Cannot normalize ticker '0091W0' (company='신영스팩11호') - excluded from security_master
2026-03-23 02:49:20,407 [WARNING] src.transform.security_master: Cannot normalize ticker '0093G0' (company='미래에셋비전스팩8호') - excluded from security_master
2026-03-23 02:49:20,407 [WARNING] src.transform.security_master: Cannot normalize ticker '0096B0' (company='삼성스팩12호') - excluded from security_master
2026-03-23 02:49:20,407 [WARNING] src.transform.security_master: Cannot normalize ticker '0096D0' (company='미래에셋비전스팩9호') - excluded from security_master
2026-03-23 02:49:20,407 [WARNING] src.transform.security_master: Cannot normalize ticker '0097F0' (company='미래에셋비전스팩10호') - excluded from security_master
2026-03-23 02:49:20,407 [WARNING] src.transform.security_master: Cannot normalize ticker '0098T0' (company='교보19호스팩') - excluded from security_master
2026-03-23 02:49:20,407 [WARNING] src.transform.security_master: Cannot normalize ticker '0099W0' (company='미래에셋비전스팩11호') - excluded from security_master
2026-03-23 02:49:20,407 [WARNING] src.transform.security_master: Cannot normalize ticker '0099X0' (company='IBKS제25호스팩') - excluded from security_master
2026-03-23 02:49:20,407 [WARNING] src.transform.security_master: Cannot normalize ticker '0101C0' (company='하나36호스팩') - excluded from security_master
2026-03-23 02:49:20,407 [WARNING] src.transform.security_master: Cannot normalize ticker '0105P0' (company='유진스팩12호') - excluded from security_master
2026-03-23 02:49:20,407 [WARNING] src.transform.security_master: Cannot normalize ticker '0115H0' (company='삼성스팩13호') - excluded from security_master
2026-03-23 02:49:20,407 [WARNING] src.transform.security_master: Cannot normalize ticker '0120G0' (company='삼양바이오팜') - excluded from security_master
2026-03-23 02:49:20,408 [WARNING] src.transform.security_master: Cannot normalize ticker '0126Z0' (company='삼성에피스홀딩스') - excluded from security_master
2026-03-23 02:49:20,415 [WARNING] src.transform.security_master: Cannot normalize ticker '0004V0' (company='엔비알모션') - excluded from security_master
2026-03-23 02:49:20,432 [INFO] src.transform.security_master: Built core_security_master: 3566 rows (rejected 37 non-normalizable tickers)
2026-03-23 02:49:20,433 [INFO] src.transform.calendar: Extracting distinct trade dates from raw_dg_stock_daily ...
2026-03-23 02:49:20,434 [WARNING] src.transform.calendar: No trade dates found in raw_dg_stock_daily - calendar will be empty
2026-03-23 02:49:20,434 [INFO] src.transform.prices: Building core_price_daily from raw_dg_stock_daily ...
2026-03-23 02:49:20,434 [INFO] src.transform.prices:   Running SQL pivot for core_price_daily (this may take a few minutes) ...
2026-03-23 02:49:20,434 [INFO] src.transform.prices:   Normalizing ticker codes in core_price_daily ...
2026-03-23 02:49:20,434 [INFO] src.transform.prices: Built core_price_daily: 0 rows
2026-03-23 02:49:20,434 [INFO] src.transform.prices: Building core_index_daily ...
2026-03-23 02:49:20,480 [INFO] src.transform.prices: Built core_index_daily: 5112 rows
2026-03-23 02:49:20,481 [INFO] src.transform.financials: Building core_financials_quarterly ...
2026-03-23 02:49:20,481 [INFO] src.transform.financials:   Raw pivot rows: 0
2026-03-23 02:49:20,481 [INFO] src.transform.financials: Built core_financials_quarterly: 0 rows (rejected 0 bad tickers)
2026-03-23 02:49:20,505 [INFO] src.transform.regulatory:   Caution intervals: 2942 rows
2026-03-23 02:49:20,514 [INFO] src.transform.regulatory:   Warning intervals: 970 rows
2026-03-23 02:49:20,517 [INFO] src.transform.regulatory:   Risk intervals: 77 rows
2026-03-23 02:49:20,517 [INFO] src.transform.regulatory:   halt intervals: 0 rows (no flagged days in price data)
2026-03-23 02:49:20,517 [INFO] src.transform.regulatory:   admin intervals: 0 rows (no flagged days in price data)
2026-03-23 02:49:20,517 [INFO] src.transform.regulatory: Built core_regulatory_status_interval: 3989 total rows
2026-03-23 02:49:20,542 [INFO] src.transform.regulatory: Built core_sector_map: 3835 rows (rejected 0 non-normalizable tickers)
2026-03-23 02:49:20,543 [INFO] main.build: [8/10] Building mart tables ...
2026-03-23 02:49:20,544 [INFO] src.transform.eligibility: Building mart_liquidity_daily ...
2026-03-23 02:49:20,544 [INFO] src.transform.eligibility:   Computing rolling traded-value averages via window functions ...
2026-03-23 02:49:20,544 [INFO] src.transform.eligibility:   Computing listing age in business days ...
2026-03-23 02:49:20,548 [INFO] src.transform.eligibility:   Building final liquidity table ...
2026-03-23 02:49:20,548 [INFO] src.transform.eligibility: Built mart_liquidity_daily: 0 rows
2026-03-23 02:49:20,548 [INFO] src.transform.eligibility: Building mart_universe_eligibility_daily ...
2026-03-23 02:49:20,549 [INFO] src.transform.eligibility:   Loading price + security + liquidity + regulatory data ...
2026-03-23 02:49:20,554 [INFO] src.transform.eligibility:   Building regulatory status lookup ...
2026-03-23 02:49:20,555 [INFO] src.transform.eligibility:   Regulatory sets: caution=0, warning=0, risk=0, admin=0, halt=0
2026-03-23 02:49:20,555 [INFO] src.transform.eligibility: Built mart_universe_eligibility_daily: 0 rows
2026-03-23 02:49:20,556 [INFO] src.transform.financials: Building mart_fundamentals_asof_daily ...
2026-03-23 02:49:20,556 [INFO] src.transform.financials:   Running as-of join (may take several minutes for full dataset) ...
2026-03-23 02:49:20,557 [INFO] src.transform.financials: Built mart_fundamentals_asof_daily: 0 rows
2026-03-23 02:49:20,557 [INFO] src.transform.features: Building mart_feature_daily ...
2026-03-23 02:49:20,557 [INFO] src.transform.features:   Running feature computation SQL (may take several minutes) ...
