2026-03-23 02:52:50,781 [INFO] main.build: ============================================================
2026-03-23 02:52:50,781 [INFO] main.build: DART Backtest DB - Build starting
2026-03-23 02:52:50,782 [INFO] main.build: Config: C:\Users\cmsch\Desktop\DART-backtest-NL\database\db\configs\config.example.yaml
2026-03-23 02:52:50,782 [INFO] main.build: DB:     C:\Users\cmsch\Desktop\DART-backtest-NL\database\db\data\db\backtest.db
2026-03-23 02:52:50,782 [INFO] main.build: ============================================================
2026-03-23 02:52:50,782 [INFO] main.build: [1/10] Validating input files ...
2026-03-23 02:52:50,782 [INFO] main.build:   All 9 mandatory input files found.
2026-03-23 02:52:50,783 [INFO] main.build: [2/10] Opening database and applying schema ...
2026-03-23 02:52:50,801 [INFO] src.db: Schema applied from schema.sql
2026-03-23 02:52:50,801 [INFO] main.build: [3/10] Recording manifest and checksums ...
2026-03-23 02:52:50,801 [INFO] main.build:   Build run ID: 20260322T175250_c90ef031
2026-03-23 02:52:50,804 [INFO] src.transform.manifest:   [manifest] kind_listed_companies           sha256=f7eafd4a05b5...
2026-03-23 02:52:50,805 [INFO] src.transform.manifest:   [manifest] kind_delistings                 sha256=c3aaed13a1af...
2026-03-23 02:52:50,808 [INFO] src.transform.manifest:   [manifest] kind_ipos                       sha256=77a7b039b25b...
2026-03-23 02:52:50,810 [INFO] src.transform.manifest:   [manifest] kind_stock_issuance             sha256=ce3d1a86b6d0...
2026-03-23 02:52:50,812 [INFO] src.transform.manifest:   [manifest] kind_investment_caution         sha256=7264df93e279...
2026-03-23 02:52:50,813 [INFO] src.transform.manifest:   [manifest] kind_investment_warning         sha256=e5ca145b7301...
2026-03-23 02:52:50,814 [INFO] src.transform.manifest:   [manifest] kind_investment_risk            sha256=99d827c87ec1...
2026-03-23 02:52:50,816 [INFO] src.transform.manifest:   [manifest] sector_file                     sha256=fbd19c74af80...
2026-03-23 02:52:51,196 [INFO] src.transform.manifest:   [manifest] dataguide_file                  sha256=a78ebe9e0401...
2026-03-23 02:52:51,196 [INFO] src.transform.manifest: Recorded manifest: 9 files for build_run_id=20260322T175250_c90ef031
2026-03-23 02:52:51,196 [INFO] main.build: [4/10] Ingesting KIND files ...
2026-03-23 02:52:51,613 [INFO] src.ingest.kind: Ingested 2765 rows -> raw_kind_listed_companies_current
2026-03-23 02:52:51,788 [INFO] src.ingest.kind: Ingested 1734 rows -> raw_kind_delistings
2026-03-23 02:52:52,212 [INFO] src.ingest.kind: Ingested 3000 rows -> raw_kind_ipos
2026-03-23 02:52:52,550 [INFO] src.ingest.kind: Ingested 3000 rows -> raw_kind_stock_issuance
2026-03-23 02:52:53,312 [INFO] src.ingest.kind: Ingested 3000 rows -> raw_kind_investment_caution
2026-03-23 02:52:53,575 [INFO] src.ingest.kind: Ingested 981 rows -> raw_kind_investment_warning
2026-03-23 02:52:53,611 [INFO] src.ingest.kind: Ingested 80 rows -> raw_kind_investment_risk
2026-03-23 02:52:53,612 [INFO] main.build: [5/10] Ingesting sector file ...
2026-03-23 02:52:55,163 [INFO] src.ingest.sectors: Dropped 248 rows with missing sector_name
2026-03-23 02:52:55,172 [WARNING] src.ingest.sectors: Cannot normalize ticker: 'A0082N0' (company: '카나프테라퓨틱스') - skipped
2026-03-23 02:52:55,172 [WARNING] src.ingest.sectors: Cannot normalize ticker: 'A0126Z0' (company: '삼성에피스홀딩스') - skipped
2026-03-23 02:52:55,172 [WARNING] src.ingest.sectors: Cannot normalize ticker: 'A0009K0' (company: '에임드바이오') - skipped
2026-03-23 02:52:55,172 [WARNING] src.ingest.sectors: Cannot normalize ticker: 'A0120G0' (company: '삼양바이오팜') - skipped
2026-03-23 02:52:55,172 [WARNING] src.ingest.sectors: Cannot normalize ticker: 'A0001A0' (company: '덕양에너젠') - skipped
2026-03-23 02:52:55,173 [WARNING] src.ingest.sectors: Cannot normalize ticker: 'A0015G0' (company: '그린광학') - skipped
2026-03-23 02:52:55,173 [WARNING] src.ingest.sectors: Cannot normalize ticker: 'A0007C0' (company: '아크릴') - skipped
2026-03-23 02:52:55,173 [WARNING] src.ingest.sectors: Cannot normalize ticker: 'A0008Z0' (company: '에스엔시스') - skipped
2026-03-23 02:52:55,173 [WARNING] src.ingest.sectors: Cannot normalize ticker: 'A0011A0' (company: '액스비스') - skipped
2026-03-23 02:52:55,174 [WARNING] src.ingest.sectors: Cannot normalize ticker: 'A0004V0' (company: '엔비알모션') - skipped
2026-03-23 02:52:55,174 [WARNING] src.ingest.sectors: Cannot normalize ticker: 'A0015S0' (company: '페스카로') - skipped
2026-03-23 02:52:55,174 [WARNING] src.ingest.sectors: Cannot normalize ticker: 'A0015N0' (company: '아로마티카') - skipped
2026-03-23 02:52:55,174 [WARNING] src.ingest.sectors: Cannot normalize ticker: 'A0013V0' (company: '삼진식품') - skipped
2026-03-23 02:52:55,175 [WARNING] src.ingest.sectors: Cannot normalize ticker: 'A0010V0' (company: '제이피아이헬스케어') - skipped
2026-03-23 02:52:55,505 [INFO] src.ingest.sectors: Ingested 3835 rows -> raw_sector_map (invalid=0, dups=0)
2026-03-23 02:52:55,507 [INFO] main.build: [6/10] Ingesting DataGuide file ...
2026-03-23 02:52:55,507 [INFO] main.build:   Ingesting index daily (bm sheet) ...
2026-03-23 02:52:55,508 [INFO] src.ingest.dataguide: Reading index daily sheet 'bm' ...
2026-03-23 02:52:56,506 [INFO] src.ingest.dataguide: Ingested 20448 rows -> raw_dg_index_daily
2026-03-23 02:52:56,509 [INFO] main.build:   Ingesting stock daily (type1 sheet) - this is the longest step ...
2026-03-23 02:52:56,509 [INFO] src.ingest.dataguide: Opening dataguide.xlsx type1 sheet in streaming mode ...
2026-03-23 02:52:56,510 [INFO] src.ingest.dataguide: This is the largest step and may take 10-30 minutes.
2026-03-23 02:52:56,844 [INFO] src.ingest.dataguide: Found 1278 date columns in type1 sheet
