2026-03-23 02:48:22,454 [INFO] main.build: ============================================================
2026-03-23 02:48:22,455 [INFO] main.build: DART Backtest DB - Build starting
2026-03-23 02:48:22,455 [INFO] main.build: Config: C:\Users\cmsch\Desktop\DART-backtest-NL\database\db\configs\config.example.yaml
2026-03-23 02:48:22,455 [INFO] main.build: DB:     C:\Users\cmsch\Desktop\DART-backtest-NL\database\db\data\db\backtest.db
2026-03-23 02:48:22,455 [INFO] main.build: ============================================================
2026-03-23 02:48:22,455 [INFO] main.build: [1/10] Validating input files ...
2026-03-23 02:48:22,456 [INFO] main.build:   All 9 mandatory input files found.
2026-03-23 02:48:22,457 [INFO] main.build: [2/10] Opening database and applying schema ...
2026-03-23 02:48:22,479 [INFO] src.db: Schema applied from schema.sql
2026-03-23 02:48:22,479 [INFO] main.build: [3/10] Recording manifest and checksums ...
2026-03-23 02:48:22,480 [INFO] main.build:   Build run ID: 20260322T174822_eede0c5e
2026-03-23 02:48:22,482 [INFO] src.transform.manifest:   [manifest] kind_listed_companies           sha256=f7eafd4a05b5...
2026-03-23 02:48:22,484 [INFO] src.transform.manifest:   [manifest] kind_delistings                 sha256=c3aaed13a1af...
2026-03-23 02:48:22,486 [INFO] src.transform.manifest:   [manifest] kind_ipos                       sha256=77a7b039b25b...
2026-03-23 02:48:22,488 [INFO] src.transform.manifest:   [manifest] kind_stock_issuance             sha256=ce3d1a86b6d0...
2026-03-23 02:48:22,490 [INFO] src.transform.manifest:   [manifest] kind_investment_caution         sha256=7264df93e279...
2026-03-23 02:48:22,492 [INFO] src.transform.manifest:   [manifest] kind_investment_warning         sha256=e5ca145b7301...
2026-03-23 02:48:22,494 [INFO] src.transform.manifest:   [manifest] kind_investment_risk            sha256=99d827c87ec1...
2026-03-23 02:48:22,496 [INFO] src.transform.manifest:   [manifest] sector_file                     sha256=fbd19c74af80...
2026-03-23 02:48:22,900 [INFO] src.transform.manifest:   [manifest] dataguide_file                  sha256=a78ebe9e0401...
2026-03-23 02:48:22,901 [INFO] src.transform.manifest: Recorded manifest: 9 files for build_run_id=20260322T174822_eede0c5e
2026-03-23 02:48:22,901 [INFO] main.build: [4/10] Ingesting KIND files ...
2026-03-23 02:48:23,323 [INFO] src.ingest.kind: Ingested 2765 rows -> raw_kind_listed_companies_current
2026-03-23 02:48:23,528 [INFO] src.ingest.kind: Ingested 1734 rows -> raw_kind_delistings
2026-03-23 02:48:23,901 [INFO] src.ingest.kind: Ingested 3000 rows -> raw_kind_ipos
2026-03-23 02:48:24,263 [INFO] src.ingest.kind: Ingested 3000 rows -> raw_kind_stock_issuance
2026-03-23 02:48:24,632 [INFO] src.ingest.kind: Ingested 3000 rows -> raw_kind_investment_caution
2026-03-23 02:48:24,755 [INFO] src.ingest.kind: Ingested 981 rows -> raw_kind_investment_warning
2026-03-23 02:48:24,768 [INFO] src.ingest.kind: Ingested 80 rows -> raw_kind_investment_risk
2026-03-23 02:48:24,769 [INFO] main.build: [5/10] Ingesting sector file ...
2026-03-23 02:48:25,499 [INFO] src.ingest.sectors: Dropped 248 rows with missing sector_name
2026-03-23 02:48:25,504 [WARNING] src.ingest.sectors: Cannot normalize ticker: 'A0082N0' (company: '카나프테라퓨틱스') - skipped
2026-03-23 02:48:25,504 [WARNING] src.ingest.sectors: Cannot normalize ticker: 'A0126Z0' (company: '삼성에피스홀딩스') - skipped
2026-03-23 02:48:25,504 [WARNING] src.ingest.sectors: Cannot normalize ticker: 'A0009K0' (company: '에임드바이오') - skipped
2026-03-23 02:48:25,504 [WARNING] src.ingest.sectors: Cannot normalize ticker: 'A0120G0' (company: '삼양바이오팜') - skipped
2026-03-23 02:48:25,504 [WARNING] src.ingest.sectors: Cannot normalize ticker: 'A0001A0' (company: '덕양에너젠') - skipped
2026-03-23 02:48:25,504 [WARNING] src.ingest.sectors: Cannot normalize ticker: 'A0015G0' (company: '그린광학') - skipped
2026-03-23 02:48:25,504 [WARNING] src.ingest.sectors: Cannot normalize ticker: 'A0007C0' (company: '아크릴') - skipped
2026-03-23 02:48:25,504 [WARNING] src.ingest.sectors: Cannot normalize ticker: 'A0008Z0' (company: '에스엔시스') - skipped
2026-03-23 02:48:25,504 [WARNING] src.ingest.sectors: Cannot normalize ticker: 'A0011A0' (company: '액스비스') - skipped
2026-03-23 02:48:25,504 [WARNING] src.ingest.sectors: Cannot normalize ticker: 'A0004V0' (company: '엔비알모션') - skipped
2026-03-23 02:48:25,505 [WARNING] src.ingest.sectors: Cannot normalize ticker: 'A0015S0' (company: '페스카로') - skipped
2026-03-23 02:48:25,505 [WARNING] src.ingest.sectors: Cannot normalize ticker: 'A0015N0' (company: '아로마티카') - skipped
2026-03-23 02:48:25,505 [WARNING] src.ingest.sectors: Cannot normalize ticker: 'A0013V0' (company: '삼진식품') - skipped
2026-03-23 02:48:25,505 [WARNING] src.ingest.sectors: Cannot normalize ticker: 'A0010V0' (company: '제이피아이헬스케어') - skipped
2026-03-23 02:48:25,747 [INFO] src.ingest.sectors: Ingested 3835 rows -> raw_sector_map (invalid=0, dups=0)
2026-03-23 02:48:25,749 [INFO] main.build: [6/10] Ingesting DataGuide file ...
2026-03-23 02:48:25,749 [INFO] main.build:   Ingesting index daily (bm sheet) ...
2026-03-23 02:48:25,749 [INFO] src.ingest.dataguide: Reading index daily sheet 'bm' ...
2026-03-23 02:48:26,311 [INFO] src.ingest.dataguide: Ingested 20448 rows -> raw_dg_index_daily
2026-03-23 02:48:26,313 [INFO] main.build:   Ingesting stock daily (type1 sheet) - this is the longest step ...
2026-03-23 02:48:26,313 [INFO] src.ingest.dataguide: Opening dataguide.xlsx type1 sheet in streaming mode ...
2026-03-23 02:48:26,313 [INFO] src.ingest.dataguide: This is the largest step and may take 10-30 minutes.
2026-03-23 02:48:26,484 [INFO] src.ingest.dataguide: Found 1278 date columns in type1 sheet
